#
# A fatal error has been detected by the Java Runtime Environment:
#
#  EXCEPTION_ACCESS_VIOLATION (0xc0000005) at pc=0x000000005ad81958, pid=18020, tid=23948
#
# JRE version:  (10.0.2+13) (build )
# Java VM: Java HotSpot(TM) 64-Bit Server VM (10.0.2+13, mixed mode, aot, tiered, compressed oops, g1 gc, windows-amd64)
# Problematic frame:
# V  [jvm.dll+0x1c1958]
#
# No core dump will be written. Minidumps are not enabled by default on client versions of Windows
#
# If you would like to submit a bug report, please visit:
#   http://bugreport.java.com/bugreport/crash.jsp
#

---------------  S U M M A R Y ------------

Command Line: 

Host: Intel(R) Core(TM) i7-4790K CPU @ 4.00GHz, 8 cores, 15G,  Windows 10 , 64 bit Build 17134 (10.0.17134.706)
Time: Thu Apr 18 19:17:48 2019 RTZ 3 (ceia) elapsed time: 0 seconds (0d 0h 0m 0s)

---------------  T H R E A D  ---------------

Current thread (0x000002a6f626e800):  JavaThread "Unknown thread" [_thread_in_vm, id=23948, stack(0x000000c40e900000,0x000000c40ea00000)]

Stack: [0x000000c40e900000,0x000000c40ea00000],  sp=0x000000c40e9ff300,  free space=1020k
Native frames: (J=compiled Java code, j=interpreted, Vv=VM code, C=native code)
V  [jvm.dll+0x1c1958]
V  [jvm.dll+0x1bfe43]
V  [jvm.dll+0x3519cb]
V  [jvm.dll+0x6856a2]
V  [jvm.dll+0x3ba0c3]
V  [jvm.dll+0x3bc261]
C  [java.exe+0x3531]
C  [java.exe+0xe1af]
C  [java.exe+0xe356]
C  [KERNEL32.DLL+0x14034]
C  [ntdll.dll+0x73691]


siginfo: EXCEPTION_ACCESS_VIOLATION (0xc0000005), reading address 0x0000000000000000


Registers:
RAX=0x0000c57988192e34, RBX=0x0000000000000000, RCX=0x0000000000000000, RDX=0x0000000000000000
RSP=0x000000c40e9ff300, RBP=0x0000000000000000, RSI=0x000002a6f626e800, RDI=0x0000000000000000
R8 =0x0000000000000006, R9 =0x0000000000000007, R10=0x0000000000000006, R11=0x000000c40e9feb80
R12=0x0000000000000000, R13=0x000000005b112ab0, R14=0x000000c40e9ff758, R15=0x000002a6f6170998
RIP=0x000000005ad81958, EFLAGS=0x0000000000010256

Top of Stack: (sp=0x000000c40e9ff300)
0x000000c40e9ff300:   000000005b361658 000000005b135c2d
0x000000c40e9ff310:   000000005b3c93c0 000000005b361658
0x000000c40e9ff320:   0000000000000040 000000c40e9ff380
0x000000c40e9ff330:   000002a6f626c950 000000005b136075
0x000000c40e9ff340:   000002a6f626e800 0000000000000000
0x000000c40e9ff350:   0000000000000000 000000005b135957
0x000000c40e9ff360:   0000000000000000 000000005b186f79
0x000000c40e9ff370:   000002a6f626c950 0000000000000000
0x000000c40e9ff380:   0000000000000000 0000000000000000
0x000000c40e9ff390:   0000000000000004 000000005b1875d8
0x000000c40e9ff3a0:   000002a6f626c950 0000c57988192e34
0x000000c40e9ff3b0:   0000000000000004 0000000000000000
0x000000c40e9ff3c0:   000000005b112ab0 000002a6f626e800
0x000000c40e9ff3d0:   000000c40e9ff410 000000005ad7fe43
0x000000c40e9ff3e0:   0000000000000000 000000c40e9ff410
0x000000c40e9ff3f0:   0000000000000000 0000000000000000 

Instructions: (pc=0x000000005ad81958)
0x000000005ad81938:   c0 00 00 00 48 8b 05 6d 1d 7a 00 48 33 c4 48 89
0x000000005ad81948:   84 24 a8 00 00 00 48 8b e9 48 83 ca ff 48 ff c2
0x000000005ad81958:   80 3c 0a 00 75 f7 33 f6 45 33 ed c6 44 24 30 01
0x000000005ad81968:   85 d2 0f 8e 54 02 00 00 8b 0d e6 6d 81 00 65 48 



---------------  P R O C E S S  ---------------

Threads class SMR info:
_java_thread_list=0x000002a6f617ac30, length=0, elements={
}

Java Threads: ( => current thread )

Other Threads:

[error occurred during error reporting (printing all threads), id 0xc0000005]

VM state:not at safepoint (not fully initialized)

VM Mutex/Monitor currently owned by a thread: None


[error occurred during error reporting (printing compressed oops mode), id 0xc0000005]

Deoptimization events (0 events):
No events

Classes redefined (0 events):
No events

Internal exceptions (0 events):
No events

Events (0 events):
No events


Dynamic libraries:
0x00007ff650fe0000 - 0x00007ff65101e000 	C:\Program Files (x86)\Common Files\Oracle\Java\javapath\java.exe
0x00007ff992e70000 - 0x00007ff993051000 	C:\Windows\SYSTEM32\ntdll.dll
0x00007ff991b10000 - 0x00007ff991bc1000 	C:\Windows\System32\KERNEL32.DLL
0x00007ff98fc70000 - 0x00007ff98fee3000 	C:\Windows\System32\KERNELBASE.dll
0x00007ff992790000 - 0x00007ff992831000 	C:\Windows\System32\ADVAPI32.dll
0x00007ff9919a0000 - 0x00007ff991a3e000 	C:\Windows\System32\msvcrt.dll
0x00007ff992dd0000 - 0x00007ff992e2b000 	C:\Windows\System32\sechost.dll
0x00007ff992210000 - 0x00007ff992334000 	C:\Windows\System32\RPCRT4.dll
0x00007ff990330000 - 0x00007ff9904c0000 	C:\Windows\System32\USER32.dll
0x00007ff98fef0000 - 0x00007ff98ff10000 	C:\Windows\System32\win32u.dll
0x00007ff9929a0000 - 0x00007ff9929c8000 	C:\Windows\System32\GDI32.dll
0x00007ff990100000 - 0x00007ff990292000 	C:\Windows\System32\gdi32full.dll
0x00007ff98ff10000 - 0x00007ff98ffaf000 	C:\Windows\System32\msvcp_win.dll
0x00007ff98ffb0000 - 0x00007ff9900a8000 	C:\Windows\System32\ucrtbase.dll
0x00007ff97f820000 - 0x00007ff97fa89000 	C:\Windows\WinSxS\amd64_microsoft.windows.common-controls_6595b64144ccf1df_6.0.17134.706_none_fb43a2cb30647007\COMCTL32.dll
0x00007ff98b740000 - 0x00007ff98b74a000 	C:\Windows\SYSTEM32\VERSION.dll
0x00007ff992a30000 - 0x00007ff992d52000 	C:\Windows\System32\combase.dll
0x00007ff98f2f0000 - 0x00007ff98f36a000 	C:\Windows\System32\bcryptPrimitives.dll
0x00007ff990300000 - 0x00007ff99032d000 	C:\Windows\System32\IMM32.DLL
0x00007ff929d60000 - 0x00007ff929e4f000 	C:\Program Files\Java\jre-10.0.2\bin\msvcr120.dll
0x00007ff958d50000 - 0x00007ff958df6000 	C:\Program Files\Java\jre-10.0.2\bin\msvcp120.dll
0x000000005abc0000 - 0x000000005b630000 	C:\Program Files\Java\jre-10.0.2\bin\server\jvm.dll
0x00007ff992e30000 - 0x00007ff992e38000 	C:\Windows\System32\PSAPI.DLL
0x00007ff983d60000 - 0x00007ff983d69000 	C:\Windows\SYSTEM32\WSOCK32.dll
0x00007ff986e00000 - 0x00007ff986e23000 	C:\Windows\SYSTEM32\WINMM.dll
0x00007ff991f60000 - 0x00007ff991fcc000 	C:\Windows\System32\WS2_32.dll
0x00007ff986dd0000 - 0x00007ff986dfa000 	C:\Windows\SYSTEM32\winmmbase.dll
0x00007ff9900b0000 - 0x00007ff9900f9000 	C:\Windows\System32\cfgmgr32.dll
0x00007ff97ccc0000 - 0x00007ff97cccf000 	C:\Program Files\Java\jre-10.0.2\bin\verify.dll
0x00007ff98a530000 - 0x00007ff98a6f9000 	C:\Windows\SYSTEM32\DBGHELP.DLL
0x00007ff98a870000 - 0x00007ff98a899000 	C:\Windows\SYSTEM32\dbgcore.DLL
0x00007ff96ee90000 - 0x00007ff96eeb7000 	C:\Program Files\Java\jre-10.0.2\bin\java.dll
0x00007ff973c50000 - 0x00007ff973c66000 	C:\Program Files\Java\jre-10.0.2\bin\zip.dll
0x00007ff9781e0000 - 0x00007ff9781ea000 	C:\Program Files\Java\jre-10.0.2\bin\jimage.dll

dbghelp: loaded successfully - version: 4.0.5 - missing functions: none
symbol engine: initialized successfully - sym options: 0x614 - pdb path: .;C:\Program Files (x86)\Common Files\Oracle\Java\javapath;C:\Windows\SYSTEM32;C:\Windows\WinSxS\amd64_microsoft.windows.common-controls_6595b64144ccf1df_6.0.17134.706_none_fb43a2cb30647007;C:\Program Files\Java\jre-10.0.2\bin;C:\Program Files\Java\jre-10.0.2\bin\server

VM Arguments:
java_command: <unknown>
java_class_path (initial): <not set>
Launcher Type: SUN_STANDARD

Logging:
Log output configuration:
#0: stdout all=warning uptime,level,tags
#1: stderr all=off uptime,level,tags

Environment Variables:
PATH=C:\Program Files (x86)\Common Files\Oracle\Java\javapath;C:\Program Files (x86)\Common Files\Intel\Shared Libraries\redist\intel64_win\compiler;C:\Program Files (x86)\Common Files\Intel\Shared Files\cpp\bin\Intel64;C:\ProgramData\Oracle\Java\javapath;C:\Program Files (x86)\Intel\iCLS Client\;C:\Program Files\Intel\iCLS Client\;C:\WINDOWS\system32;C:\WINDOWS;C:\WINDOWS\System32\Wbem;C:\WINDOWS\System32\WindowsPowerShell\v1.0\;C:\Program Files (x86)\Intel\Intel(R) Management Engine Components\DAL;C:\Program Files\Intel\Intel(R) Management Engine Components\DAL;C:\Program Files (x86)\Intel\Intel(R) Management Engine Components\IPT;C:\Program Files\Intel\Intel(R) Management Engine Components\IPT;C:\Program Files (x86)\NVIDIA Corporation\PhysX\Common;C:\Program Files (x86)\GtkSharp\2.12\bin;C:\Windows\system32;C:\Windows;C:\Windows\System32\Wbem;C:\Windows\System32\WindowsPowerShell\v1.0\;C:\Program Files (x86)\QuickTime\QTSystem\;C:\Windows\System32\OpenSSH\;C:\Program Files (x86)\Skype\Phone\;C:\Program Files\Git\cmd;C:\Program Files\NVIDIA Corporation\NVIDIA NvDLISR;C:\Users\vido1\AppData\Local\Programs\Python\Python36-32\Scripts\;C:\Users\vido1\AppData\Local\Programs\Python\Python36-32\;C:\Program Files\Java\jdk1.8.0_91\bin;C:\Users\vido1\AppData\Local\Microsoft\WindowsApps
USERNAME=vido1
OS=Windows_NT
PROCESSOR_IDENTIFIER=Intel64 Family 6 Model 60 Stepping 3, GenuineIntel



---------------  S Y S T E M  ---------------

OS: Windows 10 , 64 bit Build 17134 (10.0.17134.706)

CPU:total 8 (initial active 8) 

Memory: 4k page, physical 16717024k(5222048k free), swap 24843488k(4205544k free)

vm_info: Java HotSpot(TM) 64-Bit Server VM (10.0.2+13) for windows-amd64 JRE (10.0.2+13), built on Jun 28 2018 01:57:56 by "mach5one" with MS VC++ 12.0 (VS2013)

END.
