#
# A fatal error has been detected by the Java Runtime Environment:
#
#  EXCEPTION_ACCESS_VIOLATION (0xc0000005) at pc=0x000000005ad81958, pid=18816, tid=23564
#
# JRE version:  (10.0.2+13) (build )
# Java VM: Java HotSpot(TM) 64-Bit Server VM (10.0.2+13, mixed mode, aot, tiered, compressed oops, g1 gc, windows-amd64)
# Problematic frame:
# V  [jvm.dll+0x1c1958]
#
# No core dump will be written. Minidumps are not enabled by default on client versions of Windows
#
# If you would like to submit a bug report, please visit:
#   http://bugreport.java.com/bugreport/crash.jsp
#

---------------  S U M M A R Y ------------

Command Line: 

Host: Intel(R) Core(TM) i7-4790K CPU @ 4.00GHz, 8 cores, 15G,  Windows 10 , 64 bit Build 17134 (10.0.17134.706)
Time: Thu Apr 18 19:10:46 2019 RTZ 3 (ceia) elapsed time: 0 seconds (0d 0h 0m 0s)

---------------  T H R E A D  ---------------

Current thread (0x000002241c64f000):  JavaThread "Unknown thread" [_thread_in_vm, id=23564, stack(0x0000003507700000,0x0000003507800000)]

Stack: [0x0000003507700000,0x0000003507800000],  sp=0x00000035077ff620,  free space=1021k
Native frames: (J=compiled Java code, j=interpreted, Vv=VM code, C=native code)
V  [jvm.dll+0x1c1958]
V  [jvm.dll+0x1bfe43]
V  [jvm.dll+0x3519cb]
V  [jvm.dll+0x6856a2]
V  [jvm.dll+0x3ba0c3]
V  [jvm.dll+0x3bc261]
C  [java.exe+0x3531]
C  [java.exe+0xe1af]
C  [java.exe+0xe356]
C  [KERNEL32.DLL+0x14034]
C  [ntdll.dll+0x73691]


siginfo: EXCEPTION_ACCESS_VIOLATION (0xc0000005), reading address 0x0000000000000000


Registers:
RAX=0x00007136f8792a1f, RBX=0x0000000000000000, RCX=0x0000000000000000, RDX=0x0000000000000000
RSP=0x00000035077ff620, RBP=0x0000000000000000, RSI=0x000002241c64f000, RDI=0x0000000000000000
R8 =0x0000000000000000, R9 =0x00007ff97ccc28e0, R10=0x000002241a4594a0, R11=0x00000035077fefe0
R12=0x0000000000000000, R13=0x000000005b112ab0, R14=0x00000035077ffa78, R15=0x000002241a486cc8
RIP=0x000000005ad81958, EFLAGS=0x0000000000010256

Top of Stack: (sp=0x00000035077ff620)
0x00000035077ff620:   000000005b361658 000000005b135c2d
0x00000035077ff630:   000000005b3c93c0 000000005b361658
0x00000035077ff640:   0000000000000040 00000035077ff6a0
0x00000035077ff650:   000002241c64d390 000000005b136075
0x00000035077ff660:   000002241c64f000 0000000000000000
0x00000035077ff670:   0000000000000000 000000005b135957
0x00000035077ff680:   0000000000000000 000000005b186f79
0x00000035077ff690:   000002241c64d390 0000000000000000
0x00000035077ff6a0:   0000000000000000 0000000000000000
0x00000035077ff6b0:   0000000000000004 000000005b1875d8
0x00000035077ff6c0:   000002241c64d390 00007136f8792a1f
0x00000035077ff6d0:   0000000000000004 0000000000000000
0x00000035077ff6e0:   000000005b112ab0 000002241c64f000
0x00000035077ff6f0:   00000035077ff730 000000005ad7fe43
0x00000035077ff700:   0000000000000000 00000035077ff730
0x00000035077ff710:   0000000000000000 0000000000000000 

Instructions: (pc=0x000000005ad81958)
0x000000005ad81938:   c0 00 00 00 48 8b 05 6d 1d 7a 00 48 33 c4 48 89
0x000000005ad81948:   84 24 a8 00 00 00 48 8b e9 48 83 ca ff 48 ff c2
0x000000005ad81958:   80 3c 0a 00 75 f7 33 f6 45 33 ed c6 44 24 30 01
0x000000005ad81968:   85 d2 0f 8e 54 02 00 00 8b 0d e6 6d 81 00 65 48 



---------------  P R O C E S S  ---------------

Threads class SMR info:
_java_thread_list=0x000002241a488a10, length=0, elements={
}

Java Threads: ( => current thread )

Other Threads:

[error occurred during error reporting (printing all threads), id 0xc0000005]

VM state:not at safepoint (not fully initialized)

VM Mutex/Monitor currently owned by a thread: None


[error occurred during error reporting (printing compressed oops mode), id 0xc0000005]

Deoptimization events (0 events):
No events

Classes redefined (0 events):
No events

Internal exceptions (0 events):
No events

Events (0 events):
No events


Dynamic libraries:
0x00007ff650fe0000 - 0x00007ff65101e000 	C:\Program Files (x86)\Common Files\Oracle\Java\javapath\java.exe
0x00007ff992e70000 - 0x00007ff993051000 	C:\Windows\SYSTEM32\ntdll.dll
0x00007ff991b10000 - 0x00007ff991bc1000 	C:\Windows\System32\KERNEL32.DLL
0x00007ff98fc70000 - 0x00007ff98fee3000 	C:\Windows\System32\KERNELBASE.dll
0x00007ff98d0e0000 - 0x00007ff98d16b000 	C:\Windows\SYSTEM32\apphelp.dll
0x00007ff94cd70000 - 0x00007ff94d1ff000 	C:\Windows\SYSTEM32\AcLayers.DLL
0x00007ff9919a0000 - 0x00007ff991a3e000 	C:\Windows\System32\msvcrt.dll
0x00007ff990330000 - 0x00007ff9904c0000 	C:\Windows\System32\USER32.dll
0x00007ff98fef0000 - 0x00007ff98ff10000 	C:\Windows\System32\win32u.dll
0x00007ff9929a0000 - 0x00007ff9929c8000 	C:\Windows\System32\GDI32.dll
0x00007ff990100000 - 0x00007ff990292000 	C:\Windows\System32\gdi32full.dll
0x00007ff98ff10000 - 0x00007ff98ffaf000 	C:\Windows\System32\msvcp_win.dll
0x00007ff98ffb0000 - 0x00007ff9900a8000 	C:\Windows\System32\ucrtbase.dll
0x00007ff991d80000 - 0x00007ff991dd1000 	C:\Windows\System32\SHLWAPI.dll
0x00007ff992a30000 - 0x00007ff992d52000 	C:\Windows\System32\combase.dll
0x00007ff992210000 - 0x00007ff992334000 	C:\Windows\System32\RPCRT4.dll
0x00007ff98f2f0000 - 0x00007ff98f36a000 	C:\Windows\System32\bcryptPrimitives.dll
0x00007ff986150000 - 0x00007ff9861d5000 	C:\Windows\SYSTEM32\WINSPOOL.DRV
0x00007ff98f200000 - 0x00007ff98f211000 	C:\Windows\System32\kernel.appcore.dll
0x00007ff98d620000 - 0x00007ff98d7d4000 	C:\Windows\SYSTEM32\PROPSYS.dll
0x00007ff991a40000 - 0x00007ff991b02000 	C:\Windows\System32\OLEAUT32.dll
0x00007ff992160000 - 0x00007ff992209000 	C:\Windows\System32\shcore.dll
0x00007ff992dd0000 - 0x00007ff992e2b000 	C:\Windows\System32\sechost.dll
0x00007ff98e780000 - 0x00007ff98e7b8000 	C:\Windows\SYSTEM32\IPHLPAPI.DLL
0x00007ff98ece0000 - 0x00007ff98ed05000 	C:\Windows\SYSTEM32\bcrypt.dll
0x000002241a2e0000 - 0x000002241a2e3000 	C:\Windows\SYSTEM32\sfc.dll
0x00007ff978050000 - 0x00007ff978063000 	C:\Windows\SYSTEM32\sfc_os.DLL
0x00007ff95ba60000 - 0x00007ff95baba000 	C:\Windows\SYSTEM32\AcGenral.DLL
0x00007ff992840000 - 0x00007ff992991000 	C:\Windows\System32\ole32.dll
0x00007ff9904c0000 - 0x00007ff991900000 	C:\Windows\System32\SHELL32.dll
0x00007ff9900b0000 - 0x00007ff9900f9000 	C:\Windows\System32\cfgmgr32.dll
0x00007ff98f370000 - 0x00007ff98fa7d000 	C:\Windows\System32\windows.storage.dll
0x00007ff992790000 - 0x00007ff992831000 	C:\Windows\System32\advapi32.dll
0x00007ff98f1e0000 - 0x00007ff98f1ff000 	C:\Windows\System32\profapi.dll
0x00007ff98f190000 - 0x00007ff98f1dc000 	C:\Windows\System32\powrprof.dll
0x00007ff98f180000 - 0x00007ff98f18a000 	C:\Windows\System32\FLTLIB.DLL
0x00007ff98f080000 - 0x00007ff98f0b0000 	C:\Windows\SYSTEM32\SspiCli.dll
0x00007ff98f0b0000 - 0x00007ff98f0d8000 	C:\Windows\SYSTEM32\USERENV.dll
0x00007ff987c80000 - 0x00007ff987c9a000 	C:\Windows\SYSTEM32\MPR.dll
0x00007ff990300000 - 0x00007ff99032d000 	C:\Windows\System32\IMM32.DLL
0x00007ff97f820000 - 0x00007ff97fa89000 	C:\Windows\WinSxS\amd64_microsoft.windows.common-controls_6595b64144ccf1df_6.0.17134.706_none_fb43a2cb30647007\COMCTL32.dll
0x00007ff98b740000 - 0x00007ff98b74a000 	C:\Windows\SYSTEM32\VERSION.dll
0x00007ff9383e0000 - 0x00007ff9384cf000 	C:\Program Files\Java\jre-10.0.2\bin\msvcr120.dll
0x00007ff962380000 - 0x00007ff962426000 	C:\Program Files\Java\jre-10.0.2\bin\msvcp120.dll
0x000000005abc0000 - 0x000000005b630000 	C:\Program Files\Java\jre-10.0.2\bin\server\jvm.dll
0x00007ff992e30000 - 0x00007ff992e38000 	C:\Windows\System32\PSAPI.DLL
0x00007ff983d60000 - 0x00007ff983d69000 	C:\Windows\SYSTEM32\WSOCK32.dll
0x00007ff986e00000 - 0x00007ff986e23000 	C:\Windows\SYSTEM32\WINMM.dll
0x00007ff991f60000 - 0x00007ff991fcc000 	C:\Windows\System32\WS2_32.dll
0x00007ff986dd0000 - 0x00007ff986dfa000 	C:\Windows\SYSTEM32\winmmbase.dll
0x00007ff98ba80000 - 0x00007ff98ba8f000 	C:\Program Files\Java\jre-10.0.2\bin\verify.dll
0x00007ff98a530000 - 0x00007ff98a6f9000 	C:\Windows\SYSTEM32\DBGHELP.DLL
0x00007ff98a870000 - 0x00007ff98a899000 	C:\Windows\SYSTEM32\dbgcore.DLL
0x00007ff976540000 - 0x00007ff976567000 	C:\Program Files\Java\jre-10.0.2\bin\java.dll
0x00007ff977670000 - 0x00007ff977686000 	C:\Program Files\Java\jre-10.0.2\bin\zip.dll
0x00007ff97ccc0000 - 0x00007ff97ccca000 	C:\Program Files\Java\jre-10.0.2\bin\jimage.dll

dbghelp: loaded successfully - version: 4.0.5 - missing functions: none
symbol engine: initialized successfully - sym options: 0x614 - pdb path: .;C:\Program Files (x86)\Common Files\Oracle\Java\javapath;C:\Windows\SYSTEM32;C:\Windows\WinSxS\amd64_microsoft.windows.common-controls_6595b64144ccf1df_6.0.17134.706_none_fb43a2cb30647007;C:\Program Files\Java\jre-10.0.2\bin;C:\Program Files\Java\jre-10.0.2\bin\server

VM Arguments:
java_command: <unknown>
java_class_path (initial): <not set>
Launcher Type: SUN_STANDARD

Logging:
Log output configuration:
#0: stdout all=warning uptime,level,tags
#1: stderr all=off uptime,level,tags

Environment Variables:
PATH=C:\Program Files (x86)\Google\Chrome\Application;C:\Program Files (x86)\Common Files\Oracle\Java\javapath;C:\Program Files (x86)\Common Files\Intel\Shared Libraries\redist\intel64_win\compiler;C:\Program Files (x86)\Common Files\Intel\Shared Files\cpp\bin\Intel64;C:\ProgramData\Oracle\Java\javapath;C:\Program Files (x86)\Intel\iCLS Client\;C:\Program Files\Intel\iCLS Client\;C:\WINDOWS\system32;C:\WINDOWS;C:\WINDOWS\System32\Wbem;C:\WINDOWS\System32\WindowsPowerShell\v1.0\;C:\Program Files (x86)\Intel\Intel(R) Management Engine Components\DAL;C:\Program Files\Intel\Intel(R) Management Engine Components\DAL;C:\Program Files (x86)\Intel\Intel(R) Management Engine Components\IPT;C:\Program Files\Intel\Intel(R) Management Engine Components\IPT;C:\Program Files (x86)\NVIDIA Corporation\PhysX\Common;C:\Program Files (x86)\GtkSharp\2.12\bin;C:\Windows\system32;C:\Windows;C:\Windows\System32\Wbem;C:\Windows\System32\WindowsPowerShell\v1.0\;C:\Program Files (x86)\QuickTime\QTSystem\;C:\Windows\System32\OpenSSH\;C:\Program Files (x86)\Skype\Phone\;C:\Program Files\Git\cmd;C:\Program Files\NVIDIA Corporation\NVIDIA NvDLISR;C:\Users\vido1\AppData\Local\Programs\Python\Python36-32\Scripts\;C:\Users\vido1\AppData\Local\Programs\Python\Python36-32\;C:\Program Files\Java\jdk1.8.0_91\bin;C:\Users\vido1\AppData\Local\Microsoft\WindowsApps;
USERNAME=vido1
OS=Windows_NT
PROCESSOR_IDENTIFIER=Intel64 Family 6 Model 60 Stepping 3, GenuineIntel



---------------  S Y S T E M  ---------------

OS: Windows 10 , 64 bit Build 17134 (10.0.17134.706)

CPU:total 8 (initial active 8) 

Memory: 4k page, physical 16717024k(6065912k free), swap 24843488k(5307708k free)

vm_info: Java HotSpot(TM) 64-Bit Server VM (10.0.2+13) for windows-amd64 JRE (10.0.2+13), built on Jun 28 2018 01:57:56 by "mach5one" with MS VC++ 12.0 (VS2013)

END.
